Using pre-set license
Built from '2020.3/staging' branch; Version is '2020.3.17f1 (a4537701e4ab) revision 10769271'; Using compiler version '192528614'; Build Type 'Release'
OS: 'Windows 10 Pro; OS build 19042.1288; Version 2009; 64bit' Language: 'en' Physical Memory: 16331 MB
BatchMode: 1, IsHumanControllingUs: 0, StartBugReporterOnCrash: 0, Is64bit: 1, IsPro: 0

COMMAND LINE ARGUMENTS:
D:\Unity\Editor\Unity.exe
-adb2
-batchMode
-noUpm
-name
AssetImportWorker0
-projectPath
C:/Users/habbo/Documents/GitHub/WheresMommy-Mobile
-logFile
Logs/AssetImportWorker0.log
-srvPort
60177
Successfully changed project path to: C:/Users/habbo/Documents/GitHub/WheresMommy-Mobile
C:/Users/habbo/Documents/GitHub/WheresMommy-Mobile
Using Asset Import Pipeline V2.
Refreshing native plugins compatible for Editor in 62.16 ms, found 2 plugins.
Preloading 0 native plugins for Editor in 0.00 ms.
Initialize engine version: 2020.3.17f1 (a4537701e4ab)
[Subsystems] Discovering subsystems at path D:/Unity/Editor/Data/Resources/UnitySubsystems
[Subsystems] Discovering subsystems at path C:/Users/habbo/Documents/GitHub/WheresMommy-Mobile/Assets
GfxDevice: creating device client; threaded=0
Direct3D:
    Version:  Direct3D 11.0 [level 11.1]
    Renderer: NVIDIA GeForce GTX 1070 Ti (ID=0x1b82)
    Vendor:   
    VRAM:     8079 MB
    Driver:   30.0.14.7196
Initialize mono
Mono path[0] = 'D:/Unity/Editor/Data/Managed'
Mono path[1] = 'D:/Unity/Editor/Data/MonoBleedingEdge/lib/mono/unityjit'
Mono config path = 'D:/Unity/Editor/Data/MonoBleedingEdge/etc'
Using monoOptions --debugger-agent=transport=dt_socket,embedding=1,server=y,suspend=n,address=127.0.0.1:56364
Begin MonoManager ReloadAssembly
Registering precompiled unity dll's ...
Register platform support module: D:/Unity/Editor/Data/PlaybackEngines/WindowsStandaloneSupport/UnityEditor.WindowsStandalone.Extensions.dll
Registered in 0.001301 seconds.
Native extension for WindowsStandalone target not found
Refreshing native plugins compatible for Editor in 51.78 ms, found 2 plugins.
Preloading 0 native plugins for Editor in 0.00 ms.
Mono: successfully reloaded assembly
- Completed reload, in  1.160 seconds
Domain Reload Profiling:
	ReloadAssembly (1160ms)
		BeginReloadAssembly (61ms)
			ExecutionOrderSort (0ms)
			DisableScriptedObjects (0ms)
			BackupInstance (0ms)
			ReleaseScriptingObjects (0ms)
			CreateAndSetChildDomain (1ms)
		EndReloadAssembly (531ms)
			LoadAssemblies (60ms)
			RebuildTransferFunctionScriptingTraits (0ms)
			SetupTypeCache (189ms)
			ReleaseScriptCaches (0ms)
			RebuildScriptCaches (37ms)
			SetupLoadedEditorAssemblies (200ms)
				LogAssemblyErrors (0ms)
				InitializePlatformSupportModulesInManaged (4ms)
				SetLoadedEditorAssemblies (0ms)
				RefreshPlugins (52ms)
				BeforeProcessingInitializeOnLoad (12ms)
				ProcessInitializeOnLoadAttributes (96ms)
				ProcessInitializeOnLoadMethodAttributes (35ms)
				AfterProcessingInitializeOnLoad (0ms)
				EditorAssembliesLoaded (0ms)
			ExecutionOrderSort2 (0ms)
			AwakeInstancesAfterBackupRestoration (0ms)
Platform modules already initialized, skipping
Registering precompiled user dll's ...
Registered in 0.006670 seconds.
Begin MonoManager ReloadAssembly
Native extension for WindowsStandalone target not found
Refreshing native plugins compatible for Editor in 1.10 ms, found 2 plugins.
Preloading 0 native plugins for Editor in 0.00 ms.
Mono: successfully reloaded assembly
- Completed reload, in  1.343 seconds
Domain Reload Profiling:
	ReloadAssembly (1344ms)
		BeginReloadAssembly (171ms)
			ExecutionOrderSort (0ms)
			DisableScriptedObjects (5ms)
			BackupInstance (0ms)
			ReleaseScriptingObjects (0ms)
			CreateAndSetChildDomain (21ms)
		EndReloadAssembly (1102ms)
			LoadAssemblies (109ms)
			RebuildTransferFunctionScriptingTraits (0ms)
			SetupTypeCache (348ms)
			ReleaseScriptCaches (1ms)
			RebuildScriptCaches (53ms)
			SetupLoadedEditorAssemblies (476ms)
				LogAssemblyErrors (0ms)
				InitializePlatformSupportModulesInManaged (7ms)
				SetLoadedEditorAssemblies (1ms)
				RefreshPlugins (1ms)
				BeforeProcessingInitializeOnLoad (78ms)
				ProcessInitializeOnLoadAttributes (379ms)
				ProcessInitializeOnLoadMethodAttributes (7ms)
				AfterProcessingInitializeOnLoad (3ms)
				EditorAssembliesLoaded (0ms)
			ExecutionOrderSort2 (0ms)
			AwakeInstancesAfterBackupRestoration (8ms)
Platform modules already initialized, skipping
========================================================================
Worker process is ready to serve import requests
Launched and connected shader compiler UnityShaderCompiler.exe after 0.15 seconds
Refreshing native plugins compatible for Editor in 0.92 ms, found 2 plugins.
Preloading 0 native plugins for Editor in 0.00 ms.
Unloading 1935 Unused Serialized files (Serialized files now loaded: 0)
System memory in use before: 87.5 MB.
System memory in use after: 87.6 MB.

Unloading 31 unused Assets to reduce memory usage. Loaded Objects now: 2365.
Total: 3.766200 ms (FindLiveObjects: 0.277700 ms CreateObjectMapping: 0.051600 ms MarkObjects: 3.321800 ms  DeleteObjects: 0.112900 ms)

AssetImportParameters requested are different than current active one (requested -> active):
  custom:framework-win-MediaFoundation: 216162199b28c13a410421893ffa2e32 -> 
  custom:video-decoder-ogg-theora: a1e56fd34408186e4bbccfd4996cb3dc -> 
  custom:container-muxer-webm: aa71ff27fc2769a1b78a27578f13a17b -> 
  custom:container-demuxer-webm: 4f35f7cbe854078d1ac9338744f61a02 -> 
  custom:container-demuxer-ogg: 62fdf1f143b41e24485cea50d1cbac27 -> 
  custom:video-encoder-webm-vp8: eb34c28f22e8b96e1ab97ce403110664 -> 
  custom:video-codec-MediaFoundation-h265: 746d11721c4dcdbdad8f713fa42b33f4 -> 
  custom:video-decoder-webm-vp8: 9c59270c3fd7afecdb556c50c9e8de78 -> 
  custom:audio-decoder-ogg-vorbis: bf7c407c2cedff20999df2af8eb42d56 -> 
  custom:audio-encoder-webm-vorbis: bf7c407c2cedff20999df2af8eb42d56 -> 
========================================================================
Received Import Request.
  path: Assets/AssetStoreOriginals/_SNAPS_PrototypingAssets/SciFi_Industrial/Prefabs/Props/GuardRail_02_snaps002.prefab
  artifactKey: Guid(9a80f1159de6c8249a43aee2815a177d) Importer(815301076,1909f56bfc062723c751e8b465ee728b)
Start importing Assets/AssetStoreOriginals/_SNAPS_PrototypingAssets/SciFi_Industrial/Prefabs/Props/GuardRail_02_snaps002.prefab using Guid(9a80f1159de6c8249a43aee2815a177d) Importer(815301076,1909f56bfc062723c751e8b465ee728b)  -> (artifact id: '88d06f6183edfc14c6080ea17049fd1b') in 0.165437 seconds 
  Import took 0.168920 seconds .

========================================================================
Received Import Request.
  Time since last request: 0.000321 seconds.
  path: Assets/AssetStoreOriginals/_SNAPS_PrototypingAssets/SciFi_Industrial/Prefabs/Props/Storage_02_snaps002.prefab
  artifactKey: Guid(6fb3c3ccbbfe80a40a52c06a792263c7) Importer(815301076,1909f56bfc062723c751e8b465ee728b)
Start importing Assets/AssetStoreOriginals/_SNAPS_PrototypingAssets/SciFi_Industrial/Prefabs/Props/Storage_02_snaps002.prefab using Guid(6fb3c3ccbbfe80a40a52c06a792263c7) Importer(815301076,1909f56bfc062723c751e8b465ee728b)  -> (artifact id: '2863a6a45b4fa44e3398e8b12a89c79d') in 0.040301 seconds 
  Import took 0.044363 seconds .

========================================================================
Received Import Request.
  Time since last request: 0.000254 seconds.
  path: Assets/AssetStoreOriginals/_SNAPS_PrototypingAssets/SciFi_Industrial/Prefabs/Props/PodHolder_snaps002.prefab
  artifactKey: Guid(a1a83d2092ced8a469dab21cf6c7133b) Importer(815301076,1909f56bfc062723c751e8b465ee728b)
Start importing Assets/AssetStoreOriginals/_SNAPS_PrototypingAssets/SciFi_Industrial/Prefabs/Props/PodHolder_snaps002.prefab using Guid(a1a83d2092ced8a469dab21cf6c7133b) Importer(815301076,1909f56bfc062723c751e8b465ee728b)  -> (artifact id: '41b3f0aa4ec76b23490ead418a26d24f') in 0.023189 seconds 
  Import took 0.026739 seconds .

========================================================================
Received Import Request.
  Time since last request: 0.000334 seconds.
  path: Assets/AssetStoreOriginals/_SNAPS_PrototypingAssets/SciFi_Industrial/Prefabs/Props/Pod_snaps002.prefab
  artifactKey: Guid(092812366f3cfac4a9cc2d1a727ff7ba) Importer(815301076,1909f56bfc062723c751e8b465ee728b)
Start importing Assets/AssetStoreOriginals/_SNAPS_PrototypingAssets/SciFi_Industrial/Prefabs/Props/Pod_snaps002.prefab using Guid(092812366f3cfac4a9cc2d1a727ff7ba) Importer(815301076,1909f56bfc062723c751e8b465ee728b)  -> (artifact id: '21910b90f7857af315c18ec58371e362') in 0.030335 seconds 
  Import took 0.036489 seconds .

========================================================================
Received Import Request.
  Time since last request: 0.000320 seconds.
  path: Assets/AssetStoreOriginals/_SNAPS_PrototypingAssets/SciFi_Industrial/Prefabs/Props/GuardRail_02_Plugs_snaps002.prefab
  artifactKey: Guid(e16bbcb55b8cc1547828240ad568589f) Importer(815301076,1909f56bfc062723c751e8b465ee728b)
Start importing Assets/AssetStoreOriginals/_SNAPS_PrototypingAssets/SciFi_Industrial/Prefabs/Props/GuardRail_02_Plugs_snaps002.prefab using Guid(e16bbcb55b8cc1547828240ad568589f) Importer(815301076,1909f56bfc062723c751e8b465ee728b)  -> (artifact id: 'f2708c708d0290704c568e9bf760c853') in 0.023201 seconds 
  Import took 0.026656 seconds .

========================================================================
Received Import Request.
  Time since last request: 0.000241 seconds.
  path: Assets/AssetStoreOriginals/_SNAPS_PrototypingAssets/SciFi_Industrial/Prefabs/Props/Pipe_M_Corner_02_snaps002.prefab
  artifactKey: Guid(39566c1fc231155428127090e6dc14a5) Importer(815301076,1909f56bfc062723c751e8b465ee728b)
Start importing Assets/AssetStoreOriginals/_SNAPS_PrototypingAssets/SciFi_Industrial/Prefabs/Props/Pipe_M_Corner_02_snaps002.prefab using Guid(39566c1fc231155428127090e6dc14a5) Importer(815301076,1909f56bfc062723c751e8b465ee728b)  -> (artifact id: '149fc31971308c01567a047e147d024a') in 0.023792 seconds 
  Import took 0.027140 seconds .

========================================================================
Received Import Request.
  Time since last request: 0.000249 seconds.
  path: Assets/AssetStoreOriginals/_SNAPS_PrototypingAssets/SciFi_Industrial/Prefabs/Props/Storage_01_snaps002.prefab
  artifactKey: Guid(96bafbd921a8d1f459a26237511562e5) Importer(815301076,1909f56bfc062723c751e8b465ee728b)
Start importing Assets/AssetStoreOriginals/_SNAPS_PrototypingAssets/SciFi_Industrial/Prefabs/Props/Storage_01_snaps002.prefab using Guid(96bafbd921a8d1f459a26237511562e5) Importer(815301076,1909f56bfc062723c751e8b465ee728b)  -> (artifact id: '57aeb39f486fb02a63a0ccae7ab29de7') in 0.025402 seconds 
  Import took 0.029274 seconds .

========================================================================
Received Import Request.
  Time since last request: 0.000229 seconds.
  path: Assets/AssetStoreOriginals/_SNAPS_PrototypingAssets/SciFi_Industrial/Prefabs/Props/Pipe_M_Corner_01_snaps002.prefab
  artifactKey: Guid(72de0beeba2e6bf4a9c3893b470689ae) Importer(815301076,1909f56bfc062723c751e8b465ee728b)
Start importing Assets/AssetStoreOriginals/_SNAPS_PrototypingAssets/SciFi_Industrial/Prefabs/Props/Pipe_M_Corner_01_snaps002.prefab using Guid(72de0beeba2e6bf4a9c3893b470689ae) Importer(815301076,1909f56bfc062723c751e8b465ee728b)  -> (artifact id: '4898517a70a0c62ca49f1e9330fd89d2') in 0.022786 seconds 
  Import took 0.026253 seconds .

========================================================================
Received Import Request.
  Time since last request: 0.000242 seconds.
  path: Assets/AssetStoreOriginals/_SNAPS_PrototypingAssets/SciFi_Industrial/Prefabs/Props/Pipe_S_Corner_snaps002.prefab
  artifactKey: Guid(cd883448e719018428c96f034ddbf3ad) Importer(815301076,1909f56bfc062723c751e8b465ee728b)
Start importing Assets/AssetStoreOriginals/_SNAPS_PrototypingAssets/SciFi_Industrial/Prefabs/Props/Pipe_S_Corner_snaps002.prefab using Guid(cd883448e719018428c96f034ddbf3ad) Importer(815301076,1909f56bfc062723c751e8b465ee728b)  -> (artifact id: '78aedbd681e4829d504327d1275dc059') in 0.029372 seconds 
  Import took 0.033203 seconds .

========================================================================
Received Import Request.
  Time since last request: 0.000269 seconds.
  path: Assets/AssetStoreOriginals/_SNAPS_PrototypingAssets/SciFi_Industrial/Prefabs/Props/Pipe_S_snaps002.prefab
  artifactKey: Guid(8c39b59b8609eeb41846d53ddd3ce2a8) Importer(815301076,1909f56bfc062723c751e8b465ee728b)
Start importing Assets/AssetStoreOriginals/_SNAPS_PrototypingAssets/SciFi_Industrial/Prefabs/Props/Pipe_S_snaps002.prefab using Guid(8c39b59b8609eeb41846d53ddd3ce2a8) Importer(815301076,1909f56bfc062723c751e8b465ee728b)  -> (artifact id: 'cdec1ee4d2106497db7799055c3b8f54') in 0.023273 seconds 
  Import took 0.026970 seconds .

========================================================================
Received Import Request.
  Time since last request: 0.000258 seconds.
  path: Assets/AssetStoreOriginals/_SNAPS_PrototypingAssets/SciFi_Industrial/Prefabs/Props/LootBox_02_snaps002.prefab
  artifactKey: Guid(d7793afbdc0cfaa40b52b9a1d5fa2aed) Importer(815301076,1909f56bfc062723c751e8b465ee728b)
Start importing Assets/AssetStoreOriginals/_SNAPS_PrototypingAssets/SciFi_Industrial/Prefabs/Props/LootBox_02_snaps002.prefab using Guid(d7793afbdc0cfaa40b52b9a1d5fa2aed) Importer(815301076,1909f56bfc062723c751e8b465ee728b)  -> (artifact id: '566974586d09cbac9d7304f0c1003783') in 0.032662 seconds 
  Import took 0.036159 seconds .

========================================================================
Received Import Request.
  Time since last request: 0.000254 seconds.
  path: Assets/AssetStoreOriginals/_SNAPS_PrototypingAssets/SciFi_Industrial/Prefabs/Props/PowerCore_01_snaps002.prefab
  artifactKey: Guid(cd0f18d8f0c53a14ab401ebd0214a4e2) Importer(815301076,1909f56bfc062723c751e8b465ee728b)
Start importing Assets/AssetStoreOriginals/_SNAPS_PrototypingAssets/SciFi_Industrial/Prefabs/Props/PowerCore_01_snaps002.prefab using Guid(cd0f18d8f0c53a14ab401ebd0214a4e2) Importer(815301076,1909f56bfc062723c751e8b465ee728b)  -> (artifact id: 'ed858f81058cd2e8ac672dd2ec702f37') in 0.024701 seconds 
  Import took 0.027696 seconds .

========================================================================
Received Import Request.
  Time since last request: 0.000267 seconds.
  path: Assets/AssetStoreOriginals/_SNAPS_PrototypingAssets/SciFi_Industrial/Prefabs/Props
  artifactKey: Guid(80be559c8449f3c41bc7088615890c57) Importer(815301076,1909f56bfc062723c751e8b465ee728b)
Start importing Assets/AssetStoreOriginals/_SNAPS_PrototypingAssets/SciFi_Industrial/Prefabs/Props using Guid(80be559c8449f3c41bc7088615890c57) Importer(815301076,1909f56bfc062723c751e8b465ee728b)  -> (artifact id: '33b6f1978293726fab57524b7a0419f7') in 0.007725 seconds 
  Import took 0.013371 seconds .

========================================================================
Received Import Request.
  Time since last request: 0.000423 seconds.
  path: Assets/AssetStoreOriginals/_SNAPS_PrototypingAssets/SciFi_Industrial/Prefabs/Props/Storage_03_snaps002.prefab
  artifactKey: Guid(6f6bf2b372bf5ea43977fb96a1b11e88) Importer(815301076,1909f56bfc062723c751e8b465ee728b)
Start importing Assets/AssetStoreOriginals/_SNAPS_PrototypingAssets/SciFi_Industrial/Prefabs/Props/Storage_03_snaps002.prefab using Guid(6f6bf2b372bf5ea43977fb96a1b11e88) Importer(815301076,1909f56bfc062723c751e8b465ee728b)  -> (artifact id: 'ac5ef7d46bd66899378a19bf82d5c269') in 0.025569 seconds 
  Import took 0.029530 seconds .

========================================================================
Received Import Request.
  Time since last request: 0.000302 seconds.
  path: Assets/AssetStoreOriginals/_SNAPS_PrototypingAssets/SciFi_Industrial/Prefabs/Props/Pipe_M_snaps002.prefab
  artifactKey: Guid(4d225f970f8e37d4e820f1cb8440987b) Importer(815301076,1909f56bfc062723c751e8b465ee728b)
Start importing Assets/AssetStoreOriginals/_SNAPS_PrototypingAssets/SciFi_Industrial/Prefabs/Props/Pipe_M_snaps002.prefab using Guid(4d225f970f8e37d4e820f1cb8440987b) Importer(815301076,1909f56bfc062723c751e8b465ee728b)  -> (artifact id: 'ac358a8cbb4ee8576692a3aa6943e67d') in 0.024511 seconds 
  Import took 0.028375 seconds .

========================================================================
Received Import Request.
  Time since last request: 0.000259 seconds.
  path: Assets/AssetStoreOriginals/_SNAPS_PrototypingAssets/SciFi_Industrial/Prefabs/Props/PowerCore_02_snaps002.prefab
  artifactKey: Guid(4a68610f59a4280429c8b2d0813fc135) Importer(815301076,1909f56bfc062723c751e8b465ee728b)
Start importing Assets/AssetStoreOriginals/_SNAPS_PrototypingAssets/SciFi_Industrial/Prefabs/Props/PowerCore_02_snaps002.prefab using Guid(4a68610f59a4280429c8b2d0813fc135) Importer(815301076,1909f56bfc062723c751e8b465ee728b)  -> (artifact id: '75b7b3761863b3a43709777c4a38a849') in 0.027918 seconds 
  Import took 0.031347 seconds .

========================================================================
Received Import Request.
  Time since last request: 0.000226 seconds.
  path: Assets/AssetStoreOriginals/_SNAPS_PrototypingAssets/SciFi_Industrial/Prefabs/Props/PodCab_snaps002.prefab
  artifactKey: Guid(973473539eca4c0469c4270f108e438f) Importer(815301076,1909f56bfc062723c751e8b465ee728b)
Start importing Assets/AssetStoreOriginals/_SNAPS_PrototypingAssets/SciFi_Industrial/Prefabs/Props/PodCab_snaps002.prefab using Guid(973473539eca4c0469c4270f108e438f) Importer(815301076,1909f56bfc062723c751e8b465ee728b)  -> (artifact id: 'e4dae6bb6d2f9302c3c526a827d56065') in 0.027411 seconds 
  Import took 0.031110 seconds .

========================================================================
Received Import Request.
  Time since last request: 0.000263 seconds.
  path: Assets/AssetStoreOriginals/_SNAPS_PrototypingAssets/SciFi_Industrial/Prefabs/Props/LootBox_01_snaps002.prefab
  artifactKey: Guid(bdf3d5615008e324a96f6bce82a4b776) Importer(815301076,1909f56bfc062723c751e8b465ee728b)
Start importing Assets/AssetStoreOriginals/_SNAPS_PrototypingAssets/SciFi_Industrial/Prefabs/Props/LootBox_01_snaps002.prefab using Guid(bdf3d5615008e324a96f6bce82a4b776) Importer(815301076,1909f56bfc062723c751e8b465ee728b)  -> (artifact id: 'c0ce5b55f0f80b59719cdd71b1f5ea5c') in 0.022846 seconds 
  Import took 0.028313 seconds .

========================================================================
Received Import Request.
  Time since last request: 0.000586 seconds.
  path: Assets/AssetStoreOriginals/_SNAPS_PrototypingAssets/SciFi_Industrial/Prefabs/Props/SphericalObject_snaps002.prefab
  artifactKey: Guid(58189bdcabab0a6409763539b4da1657) Importer(815301076,1909f56bfc062723c751e8b465ee728b)
Start importing Assets/AssetStoreOriginals/_SNAPS_PrototypingAssets/SciFi_Industrial/Prefabs/Props/SphericalObject_snaps002.prefab using Guid(58189bdcabab0a6409763539b4da1657) Importer(815301076,1909f56bfc062723c751e8b465ee728b)  -> (artifact id: 'c9e7bdc71744edd81745a30d6da483fd') in 0.024034 seconds 
  Import took 0.028618 seconds .

========================================================================
Received Import Request.
  Time since last request: 5.826554 seconds.
  path: Assets/AssetStoreOriginals
  artifactKey: Guid(1ed5faaee34239841b1a3c14896e02ea) Importer(815301076,1909f56bfc062723c751e8b465ee728b)
Start importing Assets/AssetStoreOriginals using Guid(1ed5faaee34239841b1a3c14896e02ea) Importer(815301076,1909f56bfc062723c751e8b465ee728b)  -> (artifact id: 'f8354615c7c4cad140fb76a0aef2b267') in 0.010706 seconds 
  Import took 0.014367 seconds .

========================================================================
Received Import Request.
  Time since last request: 9.524918 seconds.
  path: Assets/AssetStoreOriginals/_SNAPS_PrototypingAssets/SciFi_Industrial/Prefabs/Structure/Walls/Gale_Wall_01_snaps002.prefab
  artifactKey: Guid(d64f573e69fdda34fa09e2633bd328ef) Importer(815301076,1909f56bfc062723c751e8b465ee728b)
Start importing Assets/AssetStoreOriginals/_SNAPS_PrototypingAssets/SciFi_Industrial/Prefabs/Structure/Walls/Gale_Wall_01_snaps002.prefab using Guid(d64f573e69fdda34fa09e2633bd328ef) Importer(815301076,1909f56bfc062723c751e8b465ee728b)  -> (artifact id: 'dff5757097b20a27b71e6c14cf5a53f4') in 0.027807 seconds 
  Import took 0.032311 seconds .

========================================================================
Received Import Request.
  Time since last request: 0.000248 seconds.
  path: Assets/AssetStoreOriginals/_SNAPS_PrototypingAssets/SciFi_Industrial/Prefabs/Structure/Walls/Gale_Wall_02_snaps002.prefab
  artifactKey: Guid(bc35cc0e65e4bd74fa45e86391540bce) Importer(815301076,1909f56bfc062723c751e8b465ee728b)
Start importing Assets/AssetStoreOriginals/_SNAPS_PrototypingAssets/SciFi_Industrial/Prefabs/Structure/Walls/Gale_Wall_02_snaps002.prefab using Guid(bc35cc0e65e4bd74fa45e86391540bce) Importer(815301076,1909f56bfc062723c751e8b465ee728b)  -> (artifact id: '5a25e24b6f244ae1188e6160a3bceedb') in 0.038476 seconds 
  Import took 0.046087 seconds .

========================================================================
Received Import Request.
  Time since last request: 2.726684 seconds.
  path: Assets/AssetStoreOriginals/_SNAPS_PrototypingAssets/SciFi_Industrial/Prefabs/Structure/Floors_Ceilings/Hale_Floor_01_Side_snaps002.prefab
  artifactKey: Guid(d9b3137296eb11547a955d82c9ffcc3b) Importer(815301076,1909f56bfc062723c751e8b465ee728b)
Start importing Assets/AssetStoreOriginals/_SNAPS_PrototypingAssets/SciFi_Industrial/Prefabs/Structure/Floors_Ceilings/Hale_Floor_01_Side_snaps002.prefab using Guid(d9b3137296eb11547a955d82c9ffcc3b) Importer(815301076,1909f56bfc062723c751e8b465ee728b)  -> (artifact id: '99cf7538a792424eba00a3c1d5137466') in 0.036207 seconds 
  Import took 0.039635 seconds .

========================================================================
Received Import Request.
  Time since last request: 0.000237 seconds.
  path: Assets/AssetStoreOriginals/_SNAPS_PrototypingAssets/SciFi_Industrial/Prefabs/Structure/Pillars_Supports/Hale_Pillar_01_snaps002.prefab
  artifactKey: Guid(5c63759061fbf4e40a5d66743b0d9fa0) Importer(815301076,1909f56bfc062723c751e8b465ee728b)
Start importing Assets/AssetStoreOriginals/_SNAPS_PrototypingAssets/SciFi_Industrial/Prefabs/Structure/Pillars_Supports/Hale_Pillar_01_snaps002.prefab using Guid(5c63759061fbf4e40a5d66743b0d9fa0) Importer(815301076,1909f56bfc062723c751e8b465ee728b)  -> (artifact id: 'a77954819337bf4897b351c3e222a828') in 0.026468 seconds 
  Import took 0.029764 seconds .

========================================================================
Received Import Request.
  Time since last request: 0.000182 seconds.
  path: Assets/AssetStoreOriginals/_SNAPS_PrototypingAssets/SciFi_Industrial/Prefabs/Structure/Pillars_Supports/Hale_Pillar_02_snaps002.prefab
  artifactKey: Guid(0f6381faceff7bc46983f6f88a736198) Importer(815301076,1909f56bfc062723c751e8b465ee728b)
Start importing Assets/AssetStoreOriginals/_SNAPS_PrototypingAssets/SciFi_Industrial/Prefabs/Structure/Pillars_Supports/Hale_Pillar_02_snaps002.prefab using Guid(0f6381faceff7bc46983f6f88a736198) Importer(815301076,1909f56bfc062723c751e8b465ee728b)  -> (artifact id: '8e4c8283e7b7e2e0a903385e906d5f4f') in 0.023621 seconds 
  Import took 0.027192 seconds .

========================================================================
Received Import Request.
  Time since last request: 0.000299 seconds.
  path: Assets/AssetStoreOriginals/_SNAPS_PrototypingAssets/SciFi_Industrial/Prefabs/Structure/Walls/Hale_Wall_01_Corner_snaps002.prefab
  artifactKey: Guid(74fe408f24610144390b3352ca1f7efe) Importer(815301076,1909f56bfc062723c751e8b465ee728b)
Start importing Assets/AssetStoreOriginals/_SNAPS_PrototypingAssets/SciFi_Industrial/Prefabs/Structure/Walls/Hale_Wall_01_Corner_snaps002.prefab using Guid(74fe408f24610144390b3352ca1f7efe) Importer(815301076,1909f56bfc062723c751e8b465ee728b)  -> (artifact id: 'd2e5238afd9965171e2e896fd3898084') in 0.023595 seconds 
  Import took 0.027421 seconds .

========================================================================
Received Import Request.
  Time since last request: 0.000244 seconds.
  path: Assets/AssetStoreOriginals/_SNAPS_PrototypingAssets/SciFi_Industrial/Prefabs/Structure/Floors_Ceilings/Hale_Floor_01_snaps002.prefab
  artifactKey: Guid(98f74ca2aa4d988459ca0b72d44bd59b) Importer(815301076,1909f56bfc062723c751e8b465ee728b)
Start importing Assets/AssetStoreOriginals/_SNAPS_PrototypingAssets/SciFi_Industrial/Prefabs/Structure/Floors_Ceilings/Hale_Floor_01_snaps002.prefab using Guid(98f74ca2aa4d988459ca0b72d44bd59b) Importer(815301076,1909f56bfc062723c751e8b465ee728b)  -> (artifact id: '28ab522398480e2220d655c9549e84c7') in 0.035979 seconds 
  Import took 0.039981 seconds .

========================================================================
Received Import Request.
  Time since last request: 0.000294 seconds.
  path: Assets/AssetStoreOriginals/_SNAPS_PrototypingAssets/SciFi_Industrial/Prefabs/Structure/Floors_Ceilings/Hale_Floor_01_Side_snaps002.prefab
  artifactKey: Guid(d9b3137296eb11547a955d82c9ffcc3b) Importer(815301076,1909f56bfc062723c751e8b465ee728b)
Start importing Assets/AssetStoreOriginals/_SNAPS_PrototypingAssets/SciFi_Industrial/Prefabs/Structure/Floors_Ceilings/Hale_Floor_01_Side_snaps002.prefab using Guid(d9b3137296eb11547a955d82c9ffcc3b) Importer(815301076,1909f56bfc062723c751e8b465ee728b)  -> (artifact id: '99cf7538a792424eba00a3c1d5137466') in 0.010699 seconds 
  Import took 0.014863 seconds .

========================================================================
Received Import Request.
  Time since last request: 0.259907 seconds.
  path: Assets/AssetStoreOriginals/_SNAPS_PrototypingAssets/SciFi_Industrial/Prefabs/Structure/Walls/Hale_Wall_01_snaps002.prefab
  artifactKey: Guid(19275419fedd9184180a5665b0bacd4e) Importer(815301076,1909f56bfc062723c751e8b465ee728b)
Start importing Assets/AssetStoreOriginals/_SNAPS_PrototypingAssets/SciFi_Industrial/Prefabs/Structure/Walls/Hale_Wall_01_snaps002.prefab using Guid(19275419fedd9184180a5665b0bacd4e) Importer(815301076,1909f56bfc062723c751e8b465ee728b)  -> (artifact id: 'd51e80ba085ad584aea34e89a4a59ad9') in 0.035174 seconds 
  Import took 0.040822 seconds .

========================================================================
Received Import Request.
  Time since last request: 0.000274 seconds.
  path: Assets/AssetStoreOriginals/_SNAPS_PrototypingAssets/SciFi_Industrial/Prefabs/Decor/IntakeRod_01_snaps002.prefab
  artifactKey: Guid(c41e2c4200f418b47b84d7e9eaf8ef63) Importer(815301076,1909f56bfc062723c751e8b465ee728b)
Start importing Assets/AssetStoreOriginals/_SNAPS_PrototypingAssets/SciFi_Industrial/Prefabs/Decor/IntakeRod_01_snaps002.prefab using Guid(c41e2c4200f418b47b84d7e9eaf8ef63) Importer(815301076,1909f56bfc062723c751e8b465ee728b)  -> (artifact id: 'b3b09afe9fd777049da7fe5c45873c5a') in 0.021496 seconds 
  Import took 0.024981 seconds .

========================================================================
Received Import Request.
  Time since last request: 0.000259 seconds.
  path: Assets/AssetStoreOriginals/_SNAPS_PrototypingAssets/SciFi_Industrial/Prefabs/Structure/Walls/Hale_Wall_02_Corner_snaps002.prefab
  artifactKey: Guid(4f6977220c151404d9b6645f08a4a362) Importer(815301076,1909f56bfc062723c751e8b465ee728b)
Start importing Assets/AssetStoreOriginals/_SNAPS_PrototypingAssets/SciFi_Industrial/Prefabs/Structure/Walls/Hale_Wall_02_Corner_snaps002.prefab using Guid(4f6977220c151404d9b6645f08a4a362) Importer(815301076,1909f56bfc062723c751e8b465ee728b)  -> (artifact id: 'b88574e7cce64d49c9364c88e92a9a34') in 0.026916 seconds 
  Import took 0.030256 seconds .

========================================================================
Received Import Request.
  Time since last request: 0.000214 seconds.
  path: Assets/AssetStoreOriginals/_SNAPS_PrototypingAssets/SciFi_Industrial/Prefabs/Decor/IntakeRod_02_snaps002.prefab
  artifactKey: Guid(7ed4a1f9b38d9024fae90e9077d3de53) Importer(815301076,1909f56bfc062723c751e8b465ee728b)
Start importing Assets/AssetStoreOriginals/_SNAPS_PrototypingAssets/SciFi_Industrial/Prefabs/Decor/IntakeRod_02_snaps002.prefab using Guid(7ed4a1f9b38d9024fae90e9077d3de53) Importer(815301076,1909f56bfc062723c751e8b465ee728b)  -> (artifact id: '0b6b31fb62c8eff8e525ea828f29de5d') in 0.024848 seconds 
  Import took 0.028394 seconds .

========================================================================
Received Import Request.
  Time since last request: 0.000262 seconds.
  path: Assets/Mini First Person Controller/Audio/Jump/Jump 3.wav
  artifactKey: Guid(b16dc74b7376aca46bd0c6be96c940fa) Importer(815301076,1909f56bfc062723c751e8b465ee728b)
Start importing Assets/Mini First Person Controller/Audio/Jump/Jump 3.wav using Guid(b16dc74b7376aca46bd0c6be96c940fa) Importer(815301076,1909f56bfc062723c751e8b465ee728b)  -> (artifact id: 'e3cec16515a73c0e073171fdf8e6bcae') in 0.186875 seconds 
  Import took 0.190524 seconds .

========================================================================
Received Import Request.
  Time since last request: 0.000200 seconds.
  path: Assets/Mini First Person Controller/Audio/Jump/Jump 2.wav
  artifactKey: Guid(5b26cf3cd5f6b914a80e6d3476caaf86) Importer(815301076,1909f56bfc062723c751e8b465ee728b)
Start importing Assets/Mini First Person Controller/Audio/Jump/Jump 2.wav using Guid(5b26cf3cd5f6b914a80e6d3476caaf86) Importer(815301076,1909f56bfc062723c751e8b465ee728b)  -> (artifact id: '28c0f27cdef0e72fa9d5844239b62773') in 0.015171 seconds 
  Import took 0.018189 seconds .

========================================================================
Received Import Request.
  Time since last request: 0.000241 seconds.
  path: Assets/AssetStoreOriginals/_SNAPS_PrototypingAssets/SciFi_Industrial/Prefabs/Structure/Pillars_Supports/Hale_Wall_Support_01_snaps002.prefab
  artifactKey: Guid(5c25f761d301e2849b03446d5bae1b3f) Importer(815301076,1909f56bfc062723c751e8b465ee728b)
Start importing Assets/AssetStoreOriginals/_SNAPS_PrototypingAssets/SciFi_Industrial/Prefabs/Structure/Pillars_Supports/Hale_Wall_Support_01_snaps002.prefab using Guid(5c25f761d301e2849b03446d5bae1b3f) Importer(815301076,1909f56bfc062723c751e8b465ee728b)  -> (artifact id: '8846f9274cfe5eab734a5f9b0b8bc15a') in 0.030059 seconds 
  Import took 0.033302 seconds .

========================================================================
Received Import Request.
  Time since last request: 0.000252 seconds.
  path: Assets/AssetStoreOriginals/_SNAPS_PrototypingAssets/SciFi_Industrial/Prefabs/Structure/Walls/Hale_Wall_02_snaps002.prefab
  artifactKey: Guid(6acf036e14cf86b4dbc2f4bbc89f7bf0) Importer(815301076,1909f56bfc062723c751e8b465ee728b)
Start importing Assets/AssetStoreOriginals/_SNAPS_PrototypingAssets/SciFi_Industrial/Prefabs/Structure/Walls/Hale_Wall_02_snaps002.prefab using Guid(6acf036e14cf86b4dbc2f4bbc89f7bf0) Importer(815301076,1909f56bfc062723c751e8b465ee728b)  -> (artifact id: 'e961532e52734feb4733709131a68358') in 0.024975 seconds 
  Import took 0.028424 seconds .

========================================================================
Received Import Request.
  Time since last request: 0.000236 seconds.
  path: Assets/Mini First Person Controller/Audio/Jump/Jump 1.wav
  artifactKey: Guid(3888a1e1c52793144a6d07b8c508772e) Importer(815301076,1909f56bfc062723c751e8b465ee728b)
Start importing Assets/Mini First Person Controller/Audio/Jump/Jump 1.wav using Guid(3888a1e1c52793144a6d07b8c508772e) Importer(815301076,1909f56bfc062723c751e8b465ee728b)  -> (artifact id: '0007df2caaf0970740027379ba31a016') in 0.014733 seconds 
  Import took 0.018076 seconds .

========================================================================
Received Import Request.
  Time since last request: 0.451070 seconds.
  path: Assets/AssetStoreOriginals/_SNAPS_PrototypingAssets/SciFi_Industrial/Prefabs/Decor/PanelEm_01_snaps002.prefab
  artifactKey: Guid(dfbd2a9ad7cec8b479b530f65dc65161) Importer(815301076,1909f56bfc062723c751e8b465ee728b)
Start importing Assets/AssetStoreOriginals/_SNAPS_PrototypingAssets/SciFi_Industrial/Prefabs/Decor/PanelEm_01_snaps002.prefab using Guid(dfbd2a9ad7cec8b479b530f65dc65161) Importer(815301076,1909f56bfc062723c751e8b465ee728b)  -> (artifact id: '9541b65ba8f0f3408fa7a342db404fb2') in 0.028416 seconds 
  Import took 0.031733 seconds .

========================================================================
Received Import Request.
  Time since last request: 0.000268 seconds.
  path: Assets/AssetStoreOriginals/_SNAPS_PrototypingAssets/SciFi_Industrial/Prefabs/Decor/PanelEm_03_snaps002.prefab
  artifactKey: Guid(a998cb43467c4424aab584e17f1e6f7c) Importer(815301076,1909f56bfc062723c751e8b465ee728b)
Start importing Assets/AssetStoreOriginals/_SNAPS_PrototypingAssets/SciFi_Industrial/Prefabs/Decor/PanelEm_03_snaps002.prefab using Guid(a998cb43467c4424aab584e17f1e6f7c) Importer(815301076,1909f56bfc062723c751e8b465ee728b)  -> (artifact id: '28fac7afd9768c1484312c2bd1da3809') in 0.023306 seconds 
  Import took 0.027496 seconds .

========================================================================
Received Import Request.
  Time since last request: 0.000301 seconds.
  path: Assets/AssetStoreOriginals/_SNAPS_PrototypingAssets/SciFi_Industrial/Prefabs/Decor/PanelEm_04_snaps002.prefab
  artifactKey: Guid(bb264e974a9e3914283d4f9a942a88a0) Importer(815301076,1909f56bfc062723c751e8b465ee728b)
Start importing Assets/AssetStoreOriginals/_SNAPS_PrototypingAssets/SciFi_Industrial/Prefabs/Decor/PanelEm_04_snaps002.prefab using Guid(bb264e974a9e3914283d4f9a942a88a0) Importer(815301076,1909f56bfc062723c751e8b465ee728b)  -> (artifact id: '10ccbae35683dfc471e1edd82f4e00d7') in 0.024992 seconds 
  Import took 0.032013 seconds .

========================================================================
Received Import Request.
  Time since last request: 0.000294 seconds.
  path: Assets/AssetStoreOriginals/_SNAPS_PrototypingAssets/SciFi_Industrial/Prefabs/Decor/PanelEm_02_snaps002.prefab
  artifactKey: Guid(a1c7b462aafc94746bed4b6921516f4d) Importer(815301076,1909f56bfc062723c751e8b465ee728b)
Start importing Assets/AssetStoreOriginals/_SNAPS_PrototypingAssets/SciFi_Industrial/Prefabs/Decor/PanelEm_02_snaps002.prefab using Guid(a1c7b462aafc94746bed4b6921516f4d) Importer(815301076,1909f56bfc062723c751e8b465ee728b)  -> (artifact id: '6ac63c9cb307e929b9fd1ef243ed64a5') in 0.023215 seconds 
  Import took 0.026982 seconds .

========================================================================
Received Import Request.
  Time since last request: 0.000239 seconds.
  path: Assets/AssetStoreOriginals/_SNAPS_PrototypingAssets/SciFi_Industrial/Prefabs/Decor/PistonClamp_01_snaps002.prefab
  artifactKey: Guid(13f1546a2ac91fd42a68ff9b0b09e2c1) Importer(815301076,1909f56bfc062723c751e8b465ee728b)
Start importing Assets/AssetStoreOriginals/_SNAPS_PrototypingAssets/SciFi_Industrial/Prefabs/Decor/PistonClamp_01_snaps002.prefab using Guid(13f1546a2ac91fd42a68ff9b0b09e2c1) Importer(815301076,1909f56bfc062723c751e8b465ee728b)  -> (artifact id: 'fa6274d1b4d19d33373cba18cc29a5ce') in 0.025207 seconds 
  Import took 0.029457 seconds .

========================================================================
Received Import Request.
  Time since last request: 0.523436 seconds.
  path: Assets/AssetStoreOriginals/_SNAPS_PrototypingAssets/SciFi_Industrial/Prefabs/Decor/PistonClamp_02_snaps002.prefab
  artifactKey: Guid(b413dae45c2f5d348b385a3796210966) Importer(815301076,1909f56bfc062723c751e8b465ee728b)
Start importing Assets/AssetStoreOriginals/_SNAPS_PrototypingAssets/SciFi_Industrial/Prefabs/Decor/PistonClamp_02_snaps002.prefab using Guid(b413dae45c2f5d348b385a3796210966) Importer(815301076,1909f56bfc062723c751e8b465ee728b)  -> (artifact id: '7f33033a5f26cce926a67aa042fb6a7d') in 0.030367 seconds 
  Import took 0.035026 seconds .

========================================================================
Received Import Request.
  Time since last request: 0.000267 seconds.
  path: Assets/VictorsAssets/TouchControlsKit-Lite/Content/FirstPersonExample/Prefabs/player.prefab
  artifactKey: Guid(b7c343d0e4d87664782a5ec20b9e2a7d) Importer(815301076,1909f56bfc062723c751e8b465ee728b)
Start importing Assets/VictorsAssets/TouchControlsKit-Lite/Content/FirstPersonExample/Prefabs/player.prefab using Guid(b7c343d0e4d87664782a5ec20b9e2a7d) Importer(815301076,1909f56bfc062723c751e8b465ee728b)  -> (artifact id: '9b568fd5946ce27b3cf543a8ff975271') in 0.013825 seconds 
  Import took 0.018103 seconds .

========================================================================
Received Import Request.
  Time since last request: 0.014690 seconds.
  path: Assets/AssetStoreOriginals/_SNAPS_PrototypingAssets/SciFi_Industrial/Prefabs/NestedPrefabs/PowerSpot.prefab
  artifactKey: Guid(537a5e593a1df744285a671e7570742c) Importer(815301076,1909f56bfc062723c751e8b465ee728b)
Start importing Assets/AssetStoreOriginals/_SNAPS_PrototypingAssets/SciFi_Industrial/Prefabs/NestedPrefabs/PowerSpot.prefab using Guid(537a5e593a1df744285a671e7570742c) Importer(815301076,1909f56bfc062723c751e8b465ee728b)  -> (artifact id: '8e999be5e9d8ca418f4d6e4eca47ae86') in 0.073131 seconds 
  Import took 0.077309 seconds .

========================================================================
Received Import Request.
  Time since last request: 0.000274 seconds.
  path: Assets/AssetStoreOriginals/_SNAPS_PrototypingAssets/SciFi_Industrial/Prefabs/Structure/Doors_Windows/Quart_Door_01_snaps002.prefab
  artifactKey: Guid(691269d06a74ab245ae4360e978425bd) Importer(815301076,1909f56bfc062723c751e8b465ee728b)
Start importing Assets/AssetStoreOriginals/_SNAPS_PrototypingAssets/SciFi_Industrial/Prefabs/Structure/Doors_Windows/Quart_Door_01_snaps002.prefab using Guid(691269d06a74ab245ae4360e978425bd) Importer(815301076,1909f56bfc062723c751e8b465ee728b)  -> (artifact id: 'b5cbe0613f8df606f67ecd07d9b4fe76') in 0.025048 seconds 
  Import took 0.029775 seconds .

========================================================================
Received Import Request.
  Time since last request: 0.000282 seconds.
  path: Assets/AssetStoreOriginals/_SNAPS_PrototypingAssets/SciFi_Industrial/Prefabs/Structure/Floors_Ceilings/Quart_Floor_01_snaps002.prefab
  artifactKey: Guid(abf3564a5d03acb4eb8b1fb4f5bec245) Importer(815301076,1909f56bfc062723c751e8b465ee728b)
Start importing Assets/AssetStoreOriginals/_SNAPS_PrototypingAssets/SciFi_Industrial/Prefabs/Structure/Floors_Ceilings/Quart_Floor_01_snaps002.prefab using Guid(abf3564a5d03acb4eb8b1fb4f5bec245) Importer(815301076,1909f56bfc062723c751e8b465ee728b)  -> (artifact id: '6336bf46635fdfba9230d59c8203862f') in 0.026560 seconds 
  Import took 0.029855 seconds .

========================================================================
Received Import Request.
  Time since last request: 1.387746 seconds.
  path: Assets/AssetStoreOriginals/_SNAPS_PrototypingAssets/SciFi_Industrial/Prefabs/Structure/Floors_Ceilings/Quart_Floor_02_snaps002.prefab
  artifactKey: Guid(b87038a107f3a6c46a43a708f8f4e175) Importer(815301076,1909f56bfc062723c751e8b465ee728b)
Start importing Assets/AssetStoreOriginals/_SNAPS_PrototypingAssets/SciFi_Industrial/Prefabs/Structure/Floors_Ceilings/Quart_Floor_02_snaps002.prefab using Guid(b87038a107f3a6c46a43a708f8f4e175) Importer(815301076,1909f56bfc062723c751e8b465ee728b)  -> (artifact id: 'dcd82cacd02cd425f1b92f2d3a3d3c96') in 0.027067 seconds 
  Import took 0.030260 seconds .

========================================================================
Received Import Request.
  Time since last request: 0.000231 seconds.
  path: Assets/AssetStoreOriginals/_SNAPS_PrototypingAssets/SciFi_Industrial/Prefabs/Structure/Stairs_Ramps/Quart_Ramp_01_snaps002.prefab
  artifactKey: Guid(0a36459ac2084f44ca5814f0ff3867d0) Importer(815301076,1909f56bfc062723c751e8b465ee728b)
Start importing Assets/AssetStoreOriginals/_SNAPS_PrototypingAssets/SciFi_Industrial/Prefabs/Structure/Stairs_Ramps/Quart_Ramp_01_snaps002.prefab using Guid(0a36459ac2084f44ca5814f0ff3867d0) Importer(815301076,1909f56bfc062723c751e8b465ee728b)  -> (artifact id: 'a71d34b4afdaeb108e9114e6fd111234') in 0.028548 seconds 
  Import took 0.032004 seconds .

========================================================================
Received Import Request.
  Time since last request: 0.000310 seconds.
  path: Assets/AssetStoreOriginals/_SNAPS_PrototypingAssets/SciFi_Industrial/Prefabs/Structure/Walls/Quart_Wall_Joint_02_snaps002.prefab
  artifactKey: Guid(c7553ba9a72f5b04a8bdae05c240ae27) Importer(815301076,1909f56bfc062723c751e8b465ee728b)
Start importing Assets/AssetStoreOriginals/_SNAPS_PrototypingAssets/SciFi_Industrial/Prefabs/Structure/Walls/Quart_Wall_Joint_02_snaps002.prefab using Guid(c7553ba9a72f5b04a8bdae05c240ae27) Importer(815301076,1909f56bfc062723c751e8b465ee728b)  -> (artifact id: '1dd719f2cb8bb9009fb985d1b1676289') in 0.025080 seconds 
  Import took 0.028340 seconds .

========================================================================
Received Import Request.
  Time since last request: 0.000230 seconds.
  path: Assets/AssetStoreOriginals/_SNAPS_PrototypingAssets/SciFi_Industrial/Prefabs/Structure/Walls/Quart_Wall_Corner_snaps002.prefab
  artifactKey: Guid(0c6b248aba0b073409356fa124dbe7a1) Importer(815301076,1909f56bfc062723c751e8b465ee728b)
Start importing Assets/AssetStoreOriginals/_SNAPS_PrototypingAssets/SciFi_Industrial/Prefabs/Structure/Walls/Quart_Wall_Corner_snaps002.prefab using Guid(0c6b248aba0b073409356fa124dbe7a1) Importer(815301076,1909f56bfc062723c751e8b465ee728b)  -> (artifact id: '9d2d2fbeaec38cc7080e15db35a23fc8') in 0.024665 seconds 
  Import took 0.028529 seconds .

========================================================================
Received Import Request.
  Time since last request: 0.000391 seconds.
  path: Assets/AssetStoreOriginals/_SNAPS_PrototypingAssets/SciFi_Industrial/Prefabs/Structure/Walls/Quart_Wall_snaps002.prefab
  artifactKey: Guid(2b49cf6b0e2134c4a81f3474c005ca8a) Importer(815301076,1909f56bfc062723c751e8b465ee728b)
Start importing Assets/AssetStoreOriginals/_SNAPS_PrototypingAssets/SciFi_Industrial/Prefabs/Structure/Walls/Quart_Wall_snaps002.prefab using Guid(2b49cf6b0e2134c4a81f3474c005ca8a) Importer(815301076,1909f56bfc062723c751e8b465ee728b)  -> (artifact id: '816e2d6e7cfa506caa50ba892ae4e13e') in 0.023352 seconds 
  Import took 0.027211 seconds .

========================================================================
Received Import Request.
  Time since last request: 0.000192 seconds.
  path: Assets/AssetStoreOriginals/_SNAPS_PrototypingAssets/SciFi_Industrial/Prefabs/Structure/Stairs_Ramps/Quart_Stairs_01_snaps002.prefab
  artifactKey: Guid(dc3d2c5a3d4ce3e44be28b500526dc6e) Importer(815301076,1909f56bfc062723c751e8b465ee728b)
Start importing Assets/AssetStoreOriginals/_SNAPS_PrototypingAssets/SciFi_Industrial/Prefabs/Structure/Stairs_Ramps/Quart_Stairs_01_snaps002.prefab using Guid(dc3d2c5a3d4ce3e44be28b500526dc6e) Importer(815301076,1909f56bfc062723c751e8b465ee728b)  -> (artifact id: '0e4d0d6e5da064d35d45dc848091b435') in 0.028474 seconds 
  Import took 0.032429 seconds .

========================================================================
Received Import Request.
  Time since last request: 0.000293 seconds.
  path: Assets/AssetStoreOriginals/_SNAPS_PrototypingAssets/SciFi_Industrial/Prefabs/Structure/Walls/Quart_Wall_Joint_01_snaps002.prefab
  artifactKey: Guid(8b49d720e7fae624a823f674ab67472b) Importer(815301076,1909f56bfc062723c751e8b465ee728b)
Start importing Assets/AssetStoreOriginals/_SNAPS_PrototypingAssets/SciFi_Industrial/Prefabs/Structure/Walls/Quart_Wall_Joint_01_snaps002.prefab using Guid(8b49d720e7fae624a823f674ab67472b) Importer(815301076,1909f56bfc062723c751e8b465ee728b)  -> (artifact id: 'bd8ae5187211308cfc6ffe75e85c1d7d') in 0.029226 seconds 
  Import took 0.033144 seconds .

========================================================================
Received Import Request.
  Time since last request: 0.005284 seconds.
  path: Assets/AssetStoreOriginals/_SNAPS_PrototypingAssets/SciFi_Industrial/Prefabs/Structure/Walls/Quart_Wall_Joint_01_snaps002.prefab
  artifactKey: Guid(8b49d720e7fae624a823f674ab67472b) Importer(815301076,1909f56bfc062723c751e8b465ee728b)
Start importing Assets/AssetStoreOriginals/_SNAPS_PrototypingAssets/SciFi_Industrial/Prefabs/Structure/Walls/Quart_Wall_Joint_01_snaps002.prefab using Guid(8b49d720e7fae624a823f674ab67472b) Importer(815301076,1909f56bfc062723c751e8b465ee728b)  -> (artifact id: 'bd8ae5187211308cfc6ffe75e85c1d7d') in 0.012836 seconds 
  Import took 0.016911 seconds .

========================================================================
Received Import Request.
  Time since last request: 1.879244 seconds.
  path: Assets/AssetStoreOriginals/_SNAPS_PrototypingAssets/SciFi_Industrial/Prefabs/Structure/Walls/Quart_WallDoorFrame_01_snaps002.prefab
  artifactKey: Guid(094421f9be446df49b40d4ecedf1d4c2) Importer(815301076,1909f56bfc062723c751e8b465ee728b)
Start importing Assets/AssetStoreOriginals/_SNAPS_PrototypingAssets/SciFi_Industrial/Prefabs/Structure/Walls/Quart_WallDoorFrame_01_snaps002.prefab using Guid(094421f9be446df49b40d4ecedf1d4c2) Importer(815301076,1909f56bfc062723c751e8b465ee728b)  -> (artifact id: '37515c5ef0876dcda7cbbcff7e22b564') in 0.025960 seconds 
  Import took 0.029278 seconds .

========================================================================
Received Import Request.
  Time since last request: 0.000228 seconds.
  path: Assets/AssetStoreOriginals/_SNAPS_PrototypingAssets/SciFi_Industrial/Prefabs/Decor/SectionSeal_01_snaps002.prefab
  artifactKey: Guid(493857c1d7678b642bc712689b449ca6) Importer(815301076,1909f56bfc062723c751e8b465ee728b)
Start importing Assets/AssetStoreOriginals/_SNAPS_PrototypingAssets/SciFi_Industrial/Prefabs/Decor/SectionSeal_01_snaps002.prefab using Guid(493857c1d7678b642bc712689b449ca6) Importer(815301076,1909f56bfc062723c751e8b465ee728b)  -> (artifact id: '9c9f4ed8c530b3b1cd72bdf3aee3d5c6') in 0.017941 seconds 
  Import took 0.021327 seconds .

========================================================================
Received Import Request.
  Time since last request: 0.000257 seconds.
  path: Assets/AssetStoreOriginals/_SNAPS_PrototypingAssets/SciFi_Industrial/Prefabs/Decor/SectionSeal_02_snaps002.prefab
  artifactKey: Guid(f662bb257bdbe4b4098d75c944baa81f) Importer(815301076,1909f56bfc062723c751e8b465ee728b)
Start importing Assets/AssetStoreOriginals/_SNAPS_PrototypingAssets/SciFi_Industrial/Prefabs/Decor/SectionSeal_02_snaps002.prefab using Guid(f662bb257bdbe4b4098d75c944baa81f) Importer(815301076,1909f56bfc062723c751e8b465ee728b)  -> (artifact id: 'e934f0ace209204f88a00fc13e907624') in 0.027044 seconds 
  Import took 0.031097 seconds .

========================================================================
Received Import Request.
  Time since last request: 0.000191 seconds.
  path: Assets/AssetStoreOriginals/_SNAPS_PrototypingAssets/SciFi_Industrial/Prefabs/Decor/SectionSeal_01_snaps002.prefab
  artifactKey: Guid(493857c1d7678b642bc712689b449ca6) Importer(815301076,1909f56bfc062723c751e8b465ee728b)
Start importing Assets/AssetStoreOriginals/_SNAPS_PrototypingAssets/SciFi_Industrial/Prefabs/Decor/SectionSeal_01_snaps002.prefab using Guid(493857c1d7678b642bc712689b449ca6) Importer(815301076,1909f56bfc062723c751e8b465ee728b)  -> (artifact id: '9c9f4ed8c530b3b1cd72bdf3aee3d5c6') in 0.011354 seconds 
  Import took 0.014564 seconds .

========================================================================
Received Import Request.
  Time since last request: 0.000243 seconds.
  path: Assets/AssetStoreOriginals/_SNAPS_PrototypingAssets/SciFi_Industrial/Prefabs/Structure/Walls/Quart_WallDoorFrame_01_snaps002.prefab
  artifactKey: Guid(094421f9be446df49b40d4ecedf1d4c2) Importer(815301076,1909f56bfc062723c751e8b465ee728b)
Start importing Assets/AssetStoreOriginals/_SNAPS_PrototypingAssets/SciFi_Industrial/Prefabs/Structure/Walls/Quart_WallDoorFrame_01_snaps002.prefab using Guid(094421f9be446df49b40d4ecedf1d4c2) Importer(815301076,1909f56bfc062723c751e8b465ee728b)  -> (artifact id: '37515c5ef0876dcda7cbbcff7e22b564') in 0.012883 seconds 
  Import took 0.016204 seconds .

========================================================================
Received Import Request.
  Time since last request: 0.000265 seconds.
  path: Assets/AssetStoreOriginals/_SNAPS_PrototypingAssets/SciFi_Industrial/Prefabs/Decor/SectionSeal_02_snaps002.prefab
  artifactKey: Guid(f662bb257bdbe4b4098d75c944baa81f) Importer(815301076,1909f56bfc062723c751e8b465ee728b)
Start importing Assets/AssetStoreOriginals/_SNAPS_PrototypingAssets/SciFi_Industrial/Prefabs/Decor/SectionSeal_02_snaps002.prefab using Guid(f662bb257bdbe4b4098d75c944baa81f) Importer(815301076,1909f56bfc062723c751e8b465ee728b)  -> (artifact id: 'e934f0ace209204f88a00fc13e907624') in 0.015124 seconds 
  Import took 0.018522 seconds .

========================================================================
Received Import Request.
  Time since last request: 0.165582 seconds.
  path: Assets/Mini First Person Controller/Audio/Steps.wav
  artifactKey: Guid(f8c14f2814b4b124a894a65c32c44987) Importer(815301076,1909f56bfc062723c751e8b465ee728b)
Start importing Assets/Mini First Person Controller/Audio/Steps.wav using Guid(f8c14f2814b4b124a894a65c32c44987) Importer(815301076,1909f56bfc062723c751e8b465ee728b)  -> (artifact id: '308feb32170227391f3ee01353dabddc') in 0.016078 seconds 
  Import took 0.019442 seconds .

========================================================================
Received Import Request.
  Time since last request: 0.000258 seconds.
  path: Assets/AssetStoreOriginals/_SNAPS_PrototypingAssets/SciFi_Industrial/Prefabs/NestedPrefabs/Supports.prefab
  artifactKey: Guid(d79e9a4b5e5e8e3479f244f390a66b57) Importer(815301076,1909f56bfc062723c751e8b465ee728b)
Start importing Assets/AssetStoreOriginals/_SNAPS_PrototypingAssets/SciFi_Industrial/Prefabs/NestedPrefabs/Supports.prefab using Guid(d79e9a4b5e5e8e3479f244f390a66b57) Importer(815301076,1909f56bfc062723c751e8b465ee728b)  -> (artifact id: 'c2436cf313bd406880ec747d77250eff') in 0.044547 seconds 
  Import took 0.048285 seconds .

========================================================================
Received Import Request.
  Time since last request: 0.000238 seconds.
  path: Assets/Mini First Person Controller/Audio/Steps.wav
  artifactKey: Guid(f8c14f2814b4b124a894a65c32c44987) Importer(815301076,1909f56bfc062723c751e8b465ee728b)
Start importing Assets/Mini First Person Controller/Audio/Steps.wav using Guid(f8c14f2814b4b124a894a65c32c44987) Importer(815301076,1909f56bfc062723c751e8b465ee728b)  -> (artifact id: '308feb32170227391f3ee01353dabddc') in 0.009856 seconds 
  Import took 0.012855 seconds .

========================================================================
Received Import Request.
  Time since last request: 0.019079 seconds.
  path: Assets/AssetStoreOriginals/_SNAPS_PrototypingAssets/SciFi_Industrial/Prefabs/Decor/TurbineCover_01_snaps002.prefab
  artifactKey: Guid(b390f1ac5ced8b04380a78248e858c56) Importer(815301076,1909f56bfc062723c751e8b465ee728b)
Start importing Assets/AssetStoreOriginals/_SNAPS_PrototypingAssets/SciFi_Industrial/Prefabs/Decor/TurbineCover_01_snaps002.prefab using Guid(b390f1ac5ced8b04380a78248e858c56) Importer(815301076,1909f56bfc062723c751e8b465ee728b)  -> (artifact id: '30702b505eb13bf6152333ee4a5628ce') in 0.029456 seconds 
  Import took 0.032719 seconds .

========================================================================
Received Import Request.
  Time since last request: 0.000256 seconds.
  path: Assets/AssetStoreOriginals/_SNAPS_PrototypingAssets/SciFi_Industrial/Prefabs/Decor/TurbineCover_03_snaps002.prefab
  artifactKey: Guid(cb0e292cdba361a499f804f62bcfe109) Importer(815301076,1909f56bfc062723c751e8b465ee728b)
Start importing Assets/AssetStoreOriginals/_SNAPS_PrototypingAssets/SciFi_Industrial/Prefabs/Decor/TurbineCover_03_snaps002.prefab using Guid(cb0e292cdba361a499f804f62bcfe109) Importer(815301076,1909f56bfc062723c751e8b465ee728b)  -> (artifact id: '540987e43aca0d3acad8646bcbe81c66') in 0.030356 seconds 
  Import took 0.034057 seconds .

========================================================================
Received Import Request.
  Time since last request: 0.000231 seconds.
  path: Assets/AssetStoreOriginals/_SNAPS_PrototypingAssets/SciFi_Industrial/Prefabs/Decor/Vent_01_snaps002.prefab
  artifactKey: Guid(9ac40cb0b3cb9654f88812ce1de07e63) Importer(815301076,1909f56bfc062723c751e8b465ee728b)
Start importing Assets/AssetStoreOriginals/_SNAPS_PrototypingAssets/SciFi_Industrial/Prefabs/Decor/Vent_01_snaps002.prefab using Guid(9ac40cb0b3cb9654f88812ce1de07e63) Importer(815301076,1909f56bfc062723c751e8b465ee728b)  -> (artifact id: '04b2707be141c80aa5dbd4ff9efe9571') in 0.026575 seconds 
  Import took 0.030741 seconds .

========================================================================
Received Import Request.
  Time since last request: 0.000311 seconds.
  path: Assets/AssetStoreOriginals/_SNAPS_PrototypingAssets/SciFi_Industrial/Prefabs/Decor/Vent_02_snaps002.prefab
  artifactKey: Guid(6d007ad5ada6c03408e15b31bd8d43e3) Importer(815301076,1909f56bfc062723c751e8b465ee728b)
Start importing Assets/AssetStoreOriginals/_SNAPS_PrototypingAssets/SciFi_Industrial/Prefabs/Decor/Vent_02_snaps002.prefab using Guid(6d007ad5ada6c03408e15b31bd8d43e3) Importer(815301076,1909f56bfc062723c751e8b465ee728b)  -> (artifact id: 'eabd8e24e1ce8a10349cbdece09737b4') in 0.030144 seconds 
  Import took 0.033564 seconds .

========================================================================
Received Import Request.
  Time since last request: 0.000236 seconds.
  path: Assets/AssetStoreOriginals/_SNAPS_PrototypingAssets/SciFi_Industrial/Prefabs/Structure/Pillars_Supports/Wall_Support_Big_snaps002.prefab
  artifactKey: Guid(e4d5c0d3d9b21f840a3309933254e833) Importer(815301076,1909f56bfc062723c751e8b465ee728b)
Start importing Assets/AssetStoreOriginals/_SNAPS_PrototypingAssets/SciFi_Industrial/Prefabs/Structure/Pillars_Supports/Wall_Support_Big_snaps002.prefab using Guid(e4d5c0d3d9b21f840a3309933254e833) Importer(815301076,1909f56bfc062723c751e8b465ee728b)  -> (artifact id: '9f410412a8b195d485c437a44d4bc0d9') in 0.023143 seconds 
  Import took 0.026883 seconds .

========================================================================
Received Import Request.
  Time since last request: 0.000228 seconds.
  path: Assets/AssetStoreOriginals/_SNAPS_PrototypingAssets/SciFi_Industrial/Prefabs/Decor/WClamp_01_snaps002.prefab
  artifactKey: Guid(3682bdd09cd6a6241aa4f9edfff214e8) Importer(815301076,1909f56bfc062723c751e8b465ee728b)
Start importing Assets/AssetStoreOriginals/_SNAPS_PrototypingAssets/SciFi_Industrial/Prefabs/Decor/WClamp_01_snaps002.prefab using Guid(3682bdd09cd6a6241aa4f9edfff214e8) Importer(815301076,1909f56bfc062723c751e8b465ee728b)  -> (artifact id: '5ffb4940fda682abd2d5cf902d7e5e38') in 0.025147 seconds 
  Import took 0.031153 seconds .

========================================================================
Received Import Request.
  Time since last request: 0.000378 seconds.
  path: Assets/AssetStoreOriginals/_SNAPS_PrototypingAssets/SciFi_Industrial/Prefabs/Structure/Pillars_Supports/VerticalStrat_01_Connector_snaps002.prefab
  artifactKey: Guid(fc62ef998eb59b346b34d565f38deb3b) Importer(815301076,1909f56bfc062723c751e8b465ee728b)
Start importing Assets/AssetStoreOriginals/_SNAPS_PrototypingAssets/SciFi_Industrial/Prefabs/Structure/Pillars_Supports/VerticalStrat_01_Connector_snaps002.prefab using Guid(fc62ef998eb59b346b34d565f38deb3b) Importer(815301076,1909f56bfc062723c751e8b465ee728b)  -> (artifact id: '677197ce40eab1efe4b53b5d8e3084b6') in 0.017848 seconds 
  Import took 0.021591 seconds .

========================================================================
Received Import Request.
  Time since last request: 0.000202 seconds.
  path: Assets/AssetStoreOriginals/_SNAPS_PrototypingAssets/SciFi_Industrial/Prefabs/Structure/Pillars_Supports/VerticalStrat_01_Base_snaps002.prefab
  artifactKey: Guid(d13e48964f4a8db45b4088d8fb10d581) Importer(815301076,1909f56bfc062723c751e8b465ee728b)
Start importing Assets/AssetStoreOriginals/_SNAPS_PrototypingAssets/SciFi_Industrial/Prefabs/Structure/Pillars_Supports/VerticalStrat_01_Base_snaps002.prefab using Guid(d13e48964f4a8db45b4088d8fb10d581) Importer(815301076,1909f56bfc062723c751e8b465ee728b)  -> (artifact id: '2a065ffffa179b76677d4f0c295e2b2d') in 0.014925 seconds 
  Import took 0.018249 seconds .

========================================================================
Received Import Request.
  Time since last request: 0.000244 seconds.
  path: Assets/AssetStoreOriginals/_SNAPS_PrototypingAssets/SciFi_Industrial/Prefabs/Structure/Pillars_Supports/VerticalStrat_01_snaps002.prefab
  artifactKey: Guid(d4a69086e0bd5e440a2bda14734b225c) Importer(815301076,1909f56bfc062723c751e8b465ee728b)
Start importing Assets/AssetStoreOriginals/_SNAPS_PrototypingAssets/SciFi_Industrial/Prefabs/Structure/Pillars_Supports/VerticalStrat_01_snaps002.prefab using Guid(d4a69086e0bd5e440a2bda14734b225c) Importer(815301076,1909f56bfc062723c751e8b465ee728b)  -> (artifact id: '1783d3a88b3bda655a9091e861368e19') in 0.017040 seconds 
  Import took 0.020507 seconds .

========================================================================
Received Import Request.
  Time since last request: 0.000196 seconds.
  path: Assets/AssetStoreOriginals/_SNAPS_PrototypingAssets/SciFi_Industrial/Prefabs/Decor/TurbineCover_02_snaps002.prefab
  artifactKey: Guid(c560707c4ed2c4049a4a3cc98efb1539) Importer(815301076,1909f56bfc062723c751e8b465ee728b)
Start importing Assets/AssetStoreOriginals/_SNAPS_PrototypingAssets/SciFi_Industrial/Prefabs/Decor/TurbineCover_02_snaps002.prefab using Guid(c560707c4ed2c4049a4a3cc98efb1539) Importer(815301076,1909f56bfc062723c751e8b465ee728b)  -> (artifact id: '2235ea9b2ce8c6c01a35734031a9b99a') in 0.025741 seconds 
  Import took 0.028880 seconds .

========================================================================
Received Import Request.
  Time since last request: 0.922699 seconds.
  path: Assets/AssetStoreOriginals/_SNAPS_PrototypingAssets/SciFi_Industrial/Prefabs/Decor/WClamp_02_snaps002.prefab
  artifactKey: Guid(147c4fe11a2866040b84bbd974133280) Importer(815301076,1909f56bfc062723c751e8b465ee728b)
Start importing Assets/AssetStoreOriginals/_SNAPS_PrototypingAssets/SciFi_Industrial/Prefabs/Decor/WClamp_02_snaps002.prefab using Guid(147c4fe11a2866040b84bbd974133280) Importer(815301076,1909f56bfc062723c751e8b465ee728b)  -> (artifact id: 'fc70205acd82984ddb05566a07877e94') in 0.026280 seconds 
  Import took 0.031376 seconds .

========================================================================
Received Import Request.
  Time since last request: 0.000244 seconds.
  path: Assets/AssetStoreOriginals/_SNAPS_PrototypingAssets/SciFi_Industrial/Materials/White_snaps002.mat
  artifactKey: Guid(4a11ac89ec3635a4b896556552983d54) Importer(815301076,1909f56bfc062723c751e8b465ee728b)
Start importing Assets/AssetStoreOriginals/_SNAPS_PrototypingAssets/SciFi_Industrial/Materials/White_snaps002.mat using Guid(4a11ac89ec3635a4b896556552983d54) Importer(815301076,1909f56bfc062723c751e8b465ee728b)  -> (artifact id: '3dc7aeb825717d39e5d8bc0f53ac7203') in 0.050664 seconds 
  Import took 0.055135 seconds .

========================================================================
Received Import Request.
  Time since last request: 0.000358 seconds.
  path: Assets/AssetStoreOriginals/_SNAPS_PrototypingAssets/SciFi_Industrial/Prefabs/Decor/WClamp_03_snaps002.prefab
  artifactKey: Guid(2720f7020a384934482be714bb621466) Importer(815301076,1909f56bfc062723c751e8b465ee728b)
Start importing Assets/AssetStoreOriginals/_SNAPS_PrototypingAssets/SciFi_Industrial/Prefabs/Decor/WClamp_03_snaps002.prefab using Guid(2720f7020a384934482be714bb621466) Importer(815301076,1909f56bfc062723c751e8b465ee728b)  -> (artifact id: '3bb58881017009e4ede54eddb18fe280') in 0.024640 seconds 
  Import took 0.028241 seconds .

========================================================================
Received Import Request.
  Time since last request: 0.000476 seconds.
  path: Assets/AssetStoreOriginals/_SNAPS_PrototypingAssets/SciFi_Industrial/Materials/Yellow_snaps002.mat
  artifactKey: Guid(2e89229997eb0fd4fb0ceb1c61a61593) Importer(815301076,1909f56bfc062723c751e8b465ee728b)
Start importing Assets/AssetStoreOriginals/_SNAPS_PrototypingAssets/SciFi_Industrial/Materials/Yellow_snaps002.mat using Guid(2e89229997eb0fd4fb0ceb1c61a61593) Importer(815301076,1909f56bfc062723c751e8b465ee728b)  -> (artifact id: '0b5edb58e3e904766c28f4966db503b9') in 0.026748 seconds 
  Import took 0.031054 seconds .

========================================================================
Received Import Request.
  Time since last request: 0.000245 seconds.
  path: Assets/AssetStoreOriginals/_SNAPS_PrototypingAssets/SciFi_Industrial/Prefabs/Decor/WClamp_02_snaps002.prefab
  artifactKey: Guid(147c4fe11a2866040b84bbd974133280) Importer(815301076,1909f56bfc062723c751e8b465ee728b)
Start importing Assets/AssetStoreOriginals/_SNAPS_PrototypingAssets/SciFi_Industrial/Prefabs/Decor/WClamp_02_snaps002.prefab using Guid(147c4fe11a2866040b84bbd974133280) Importer(815301076,1909f56bfc062723c751e8b465ee728b)  -> (artifact id: 'fc70205acd82984ddb05566a07877e94') in 0.012083 seconds 
  Import took 0.016737 seconds .

========================================================================
Received Import Request.
  Time since last request: 5.790938 seconds.
  path: Assets/AssetStoreOriginals/_SNAPS_PrototypingAssets/SciFi_Industrial/SampleScenes/SciFi_Industrial_SampleLayout
  artifactKey: Guid(dcd6ecaedb23c994aa1c680d905a9362) Importer(815301076,1909f56bfc062723c751e8b465ee728b)
Start importing Assets/AssetStoreOriginals/_SNAPS_PrototypingAssets/SciFi_Industrial/SampleScenes/SciFi_Industrial_SampleLayout using Guid(dcd6ecaedb23c994aa1c680d905a9362) Importer(815301076,1909f56bfc062723c751e8b465ee728b)  -> (artifact id: '16283768f67bf36daf3f38372d905aa3') in 0.010248 seconds 
  Import took 0.014819 seconds .

========================================================================
Received Import Request.
  Time since last request: 0.048335 seconds.
  path: Assets/AssetStoreOriginals/_SNAPS_PrototypingAssets/SciFi_Industrial/SampleScenes/SciFi_Industrial_SampleLayout/NavMesh.asset
  artifactKey: Guid(163061fb337595e4781453ef6ee46ef3) Importer(815301076,1909f56bfc062723c751e8b465ee728b)
Start importing Assets/AssetStoreOriginals/_SNAPS_PrototypingAssets/SciFi_Industrial/SampleScenes/SciFi_Industrial_SampleLayout/NavMesh.asset using Guid(163061fb337595e4781453ef6ee46ef3) Importer(815301076,1909f56bfc062723c751e8b465ee728b)  -> (artifact id: 'd0e4f99d69afcbcac050cbb0ceee193b') in 0.017867 seconds 
  Import took 0.021500 seconds .

========================================================================
Received Import Request.
  Time since last request: 14.151272 seconds.
  path: Assets/AssetStoreOriginals/_SNAPS_PrototypingAssets/Scripts/Editor/PackageChecker
  artifactKey: Guid(128293781250eb742b3c449f717239a7) Importer(815301076,1909f56bfc062723c751e8b465ee728b)
Start importing Assets/AssetStoreOriginals/_SNAPS_PrototypingAssets/Scripts/Editor/PackageChecker using Guid(128293781250eb742b3c449f717239a7) Importer(815301076,1909f56bfc062723c751e8b465ee728b)  -> (artifact id: 'f8aeae530994e19b972371025ac7b374') in 0.008372 seconds 
  Import took 0.011585 seconds .

========================================================================
Received Prepare
Refreshing native plugins compatible for Editor in 21.37 ms, found 2 plugins.
Preloading 0 native plugins for Editor in 0.00 ms.
Unloading 24 Unused Serialized files (Serialized files now loaded: 0)
System memory in use before: 51.5 MB.
System memory in use after: 51.6 MB.

Unloading 24 unused Assets to reduce memory usage. Loaded Objects now: 2407.
Total: 6.504600 ms (FindLiveObjects: 0.445100 ms CreateObjectMapping: 0.054900 ms MarkObjects: 5.956700 ms  DeleteObjects: 0.044200 ms)

AssetImportParameters requested are different than current active one (requested -> active):
  custom:framework-win-MediaFoundation: 216162199b28c13a410421893ffa2e32 -> 
  custom:video-decoder-ogg-theora: a1e56fd34408186e4bbccfd4996cb3dc -> 
  custom:container-muxer-webm: aa71ff27fc2769a1b78a27578f13a17b -> 
  custom:container-demuxer-webm: 4f35f7cbe854078d1ac9338744f61a02 -> 
  custom:container-demuxer-ogg: 62fdf1f143b41e24485cea50d1cbac27 -> 
  custom:video-encoder-webm-vp8: eb34c28f22e8b96e1ab97ce403110664 -> 
  custom:video-codec-MediaFoundation-h265: 746d11721c4dcdbdad8f713fa42b33f4 -> 
  custom:video-decoder-webm-vp8: 9c59270c3fd7afecdb556c50c9e8de78 -> 
  custom:audio-decoder-ogg-vorbis: bf7c407c2cedff20999df2af8eb42d56 -> 
  custom:audio-encoder-webm-vorbis: bf7c407c2cedff20999df2af8eb42d56 -> 
